-- CPM: adding package corrade@0 (a8065db3c55aec214aa4e4887c4073289b2988e2)
-- CPM: adding package GLFW@3.3.4 (3.3.4)
-- Using X11 for window creation
-- CPM: adding package magnum@0 (360ca834e17870e56f987bb6ecca308ab9889409)
-- Could NOT find Corrade (missing: TestSuite) 
-- Found Corrade: /home/jb/Documents/Repos/voraldo/Voraldo-v1.2/build/_deps/corrade-src/src  found components: Containers rc Utility PluginManager 
-- CPM: adding package imgui@0 (7bfc379a23e97b6777eb80aafb50a8e6248904cd)
-- CPM: adding package magnum-integration@0 (789f8132842536f077548bc4f2d2c3685e9f491e)
-- Found Corrade: /home/jb/Documents/Repos/voraldo/Voraldo-v1.2/build/_deps/corrade-src/src  found components: Containers rc Utility 
-- Found Magnum: /home/jb/Documents/Repos/voraldo/Voraldo-v1.2/build/_deps/magnum-src/src   
-- Found Magnum: /home/jb/Documents/Repos/voraldo/Voraldo-v1.2/build/_deps/magnum-src/src  found components: GL Shaders 
-- Found ImGui: /home/jb/Documents/Repos/voraldo/Voraldo-v1.2/build/_deps/imgui-src  found components: Sources 
-- CPM: adding package imnodes@0.4 (v0.4)
-- Found Magnum: /home/jb/Documents/Repos/voraldo/Voraldo-v1.2/build/_deps/magnum-src/src  found components: GL GlfwApplication 
-- Found Magnum: /home/jb/Documents/Repos/voraldo/Voraldo-v1.2/build/_deps/magnum-src/src  found components: GL Shaders 
-- Found ImGui: /home/jb/Documents/Repos/voraldo/Voraldo-v1.2/build/_deps/imgui-src  found components: SourcesMiscCpp 
-- Configuring done
-- Generating done
[ 37%] Built target FastNoise
[ 50%] Built target BigInt
[ 81%] Built target imgui
[ 87%] Building CXX object CMakeFiles/exe.dir/resources/engine_code/main.cc.o
